Mplus VERSION 8.1
MUTHEN & MUTHEN
03/07/2021   4:27 PM

INPUT INSTRUCTIONS

  !SBDC1. value of ridehailing
  !base model: random intercept and *fixed* coefficient for Log_Compensation
  !weighted (scaled)
  !including all covariates in full specification

  DATA: FILE = SBDC1_long_wt.csv;

  VARIABLE:
      NAMES = rownum RID Choice LogComp wt1 wt2 weight wt_scale
              rural urban wash chic seat
              male age white black hisp orace coldeg advdeg
              fulltime unemploy student
              inc_high inc_low hhinc hhchild hhwkadult hhpers
              nocar onecar twocar threecar multicar license car_live
              typ_NMT typ_PT typ_car typ_RH
              cantbike cantcar cantPT cantRH
              emp_park emp_PT emp_bike emp_pool;

      IDVARIABLE = rownum;

      CLUSTER = RID;

      CATEGORICAL = Choice;

      !Two-level structure with choice experiments at level 1 (within)
      !and individuals at level 2 (between). So all sociodemographics are
      !on between level
      WITHIN = LogComp;
      BETWEEN = rural urban wash chic seat
                male age black hisp orace coldeg advdeg
                fulltime unemploy student
                hhinc hhchild hhwkadult
                nocar onecar
                typ_car typ_RH typ_PT typ_NMT
                cantcar
                emp_park emp_pool emp_PT emp_bike;

      USEVARIABLES = Choice LogComp
                     rural urban wash chic seat
                     male age black hisp orace coldeg advdeg
                     fulltime unemploy student
                     hhinc hhchild hhwkadult
                     nocar onecar
                     typ_car typ_RH typ_PT typ_NMT
                     cantcar
                     emp_park emp_pool emp_PT emp_bike;

      WEIGHT = wt1;
      BWEIGHT = weight;
      wtscale = unscaled;
      bwtscale = sample;
      !The SAMPLE option adjusts the between weights so that the product of
      !the between and the within weights sums to the total sample size.

  ANALYSIS: TYPE = TWOLEVEL;

  MODEL:
      %WITHIN%
      Choice ON LogComp;

      %BETWEEN%
      Choice ON rural urban wash chic seat
                male age black hisp orace coldeg advdeg
                fulltime unemploy student
                hhinc hhchild hhwkadult
                nocar onecar
                typ_car typ_RH typ_PT typ_NMT
                cantcar
                emp_park emp_pool emp_PT emp_bike;

  SAVEDATA:
      FILE IS SBDC1_full_wt_out.txt;
      SAVE = FSCORES;



*** WARNING in VARIABLE command
  Note that only the first 8 characters of variable names are used in the output.
  Shorten variable names to avoid any confusion.
*** WARNING
  One or more individual-level variables have no variation within a
  cluster for the following clusters.

     Variable   Cluster IDs with no within-cluster variation

      CHOICE      1003 1009 1010 1019 1020 1021 1023 1025 1026 1027 1036 1039 1041 1047 1048 1049
                  1050 1052 1054 1056 106 1062 1064 1070 1074 1075 1077 1078 1081 1087 1088 1089
                  1091 1093 1094 1095 1096 1101 1105 1106 1110 1112 1113 1115 1116 1117 1123 1124
                  1126 1128 113 1130 1133 1135 1138 1139 1143 1144 1147 1148 1154 1156 1157 1159
                  1163 1166 1168 1169 1171 1176 1178 1180 1183 1184 1186 1187 1189 119 1192 1193
                  1196 1197 1198 1200 1201 1202 1205 1206 1208 121 1212 1219 1221 1225 1226 1229
                  1233 1234 1238 124 1241 125 1250 1251 1255 1256 1265 1271 1272 1274 1277 1278
                  1286 1288 1289 1293 1298 1300 1303 1304 1306 1308 1309 131 1310 1311 1313 1314
                  1316 1317 1319 1321 1323 1331 1339 1343 1344 1346 1349 135 1353 1354 1360 1362
                  1364 1367 1370 1371 1372 1373 1382 1386 1387 1388 1391 1393 1394 1397 1398 14
                  140 1403 1405 1406 1407 1418 1422 1423 1424 1425 1427 1431 1436 1437 144 1448
                  145 1452 1453 1457 1463 1465 1466 1467 1468 1470 1473 1475 1476 1477 1479 1483
                  1484 1490 1493 1496 1497 1499 1503 1505 1506 1511 1515 1519 152 1520 1524 1526
                  1528 1530 1533 1534 1536 1539 154 1541 1546 155 1552 1557 1562 1563 157 1570
                  1574 1576 1578 1580 1582 1587 1588 1596 1597 160 1601 161 1610 1612 1618 162
                  1623 1625 1626 1627 1628 163 1631 1635 1638 164 1641 1642 1645 1646 1652 1654
                  1658 1659 1660 1661 1668 1669 1672 1675 1678 1679 1684 1685 1686 1689 169 1692
                  1694 17 1701 1704 1705 1708 1710 1712 1716 1717 1724 173 1730 1731 1732 1736
                  1737 1740 1743 1744 1745 1753 1756 1757 1761 1763 1765 1769 1770 1772 1775 1777
                  1784 1789 179 1799 18 180 1800 1808 1812 182 1823 1825 1828 1829 183 1838 184
                  1843 1847 1851 1856 1857 1858 1864 187 1870 1871 1873 1878 188 1881 1882 1884
                  1885 1889 1896 1899 1901 1905 1906 1908 1910 1912 1917 1923 1924 1928 1929 193
                  1933 1934 1938 1942 1943 1953 1959 196 1960 1965 1966 1968 1971 1978 1980 1987
                  1988 1991 1994 1995 1996 1997 1999 2004 2006 2008 2010 2013 2014 2024 2028 2035
                  2036 2037 2042 2044 2045 2047 2051 2052 2053 2057 206 2061 2070 2072 2079 208
                  2081 2088 2090 2091 2098 2099 21 2102 2104 2110 2112 2114 2119 212 2121 2126
                  2131 2134 2135 2139 2142 2144 2147 2149 2156 2158 2159 2161 2163 2168 217 2170
                  2172 2173 2179 2182 2183 2184 2189 2193 2198 2199 220 2200 2207 2208 221 2210
                  2213 2214 2216 2219 222 2222 2223 2224 2225 2230 2234 2236 2239 224 2241 2243
                  2244 2246 225 2250 2256 2257 2260 2261 2262 2269 227 2273 2275 2278 2279 2281
                  2282 2283 2284 2296 2299 2300 2305 2307 2309 2317 2319 232 2321 233 2330 2333
                  2339 2341 2342 2343 2348 2355 2358 2360 2364 2365 2368 237 2370 2378 2379 238
                  2387 2388 2390 2391 2394 2397 2399 2404 2405 2409 2417 2420 2424 2425 2431 2435
                  2438 2440 2441 2444 2446 2448 2449 245 2450 2454 2456 2458 2461 2464 2465 2472
                  2476 2478 2480 2483 2484 2486 2488 2490 2491 2494 2496 2497 2498 2499 2500 2502
                  2504 2509 2511 2513 2515 2520 2521 2523 2527 2531 2533 2535 254 2542 2545 2551
                  2552 2558 2562 2566 2567 2570 2572 2573 2579 258 2580 2583 2584 2586 2589 2591
                  2592 2594 2596 2603 2604 2606 2607 2612 2613 2614 2616 2617 2619 2623 2628 2631
                  2632 2633 264 2641 2644 2645 2652 2654 2657 2658 266 2663 2665 2666 2667 2676
                  268 2680 269 2691 2693 2695 2696 2699 2707 2710 2712 2717 2720 2725 2730 2732
                  274 2741 2749 2753 2754 2756 2760 2762 2763 2764 2765 2768 2769 277 2772 2773
                  2775 2778 2780 2783 2791 2793 2795 2796 2801 2807 2809 2816 2818 2819 282 2826
                  2829 283 2831 2835 2836 2838 2842 2846 2848 2850 2853 2854 2859 286 2861 2864
                  287 2871 2876 2882 2884 2886 289 2896 2897 2899 2901 2907 2908 2914 292 2922
                  2928 2931 2934 2935 2945 2946 2948 2949 2952 2954 2955 2959 2964 2965 2966 2969
                  2970 2973 2976 2977 2979 2983 2988 2989 299 2994 300 3006 3008 3010 3013 3018
                  302 3023 3028 3031 3034 3035 3041 3048 3049 3052 3054 3056 3059 3060 3065 3066
                  3067 3068 3074 3075 308 3084 3086 3093 3094 3095 31 3100 3102 3103 3107 3111
                  3112 3116 3117 3119 3122 3124 3125 3129 3136 3139 3140 3141 3145 3147 3150 3153
                  3157 3163 3172 3173 318 3184 3187 3188 3191 3192 3196 320 3202 3203 3206 3207
                  3208 3214 3217 3219 3224 3227 3230 3232 3234 3235 3240 3243 3244 3245 3246 325
                  3251 3262 3266 3274 3275 3280 329 3290 33 3302 3304 3305 331 3312 3315 3317
                  3319 3321 3322 3325 3326 3327 3330 3333 334 3342 3347 3350 3351 3356 3361 3362
                  3364 3368 337 3371 3373 3376 3378 3379 3382 3385 3386 3388 3390 3391 3392 3403
                  3409 341 3415 342 3421 3423 3424 3427 3430 3436 3437 3438 3441 3442 3444 3445
                  3446 3447 3450 3451 3454 3455 3456 3457 3461 3468 347 3472 3476 3477 3480 3481
                  3482 3487 3488 3489 3491 3498 3501 3502 3512 3518 3522 3523 3525 3527 3528 3530
                  3532 3539 3540 3542 3543 3545 3548 3554 3558 356 3560 3565 3568 357 3571 3572
                  3577 3579 3580 3582 3593 3597 3598 36 360 3603 3606 3608 3609 3611 3612 3615
                  3616 3618 362 3620 3621 3622 3623 3624 3628 3632 3633 3638 3640 3644 3645 3647
                  3649 3650 3652 3653 3654 3656 366 3661 3662 367 3671 3672 3674 3675 3687 3690
                  3692 3693 3697 3698 3699 370 3702 3704 3706 3708 371 3711 3719 372 3720 3725
                  3727 3728 3730 3731 3733 3734 3735 3740 3745 3752 3754 3755 3756 3760 3761 3762
                  3767 3768 3775 3776 3778 3782 3788 3791 3793 3800 3804 3806 3807 3808 381 3811
                  3813 3816 3817 3819 382 3820 3821 3835 3836 3837 3838 3841 3842 3859 386 3861
                  3865 3867 3869 3870 3874 3877 3879 388 3880 389 3893 3894 3899 39 3904 3906
                  3908 3910 3912 3916 3917 3919 392 3925 3926 393 3933 3937 3944 3945 3947 3948
                  3952 3955 3960 3962 3965 3966 3967 3969 397 3971 3980 3982 3986 3989 3990 3991
                  3992 3994 3996 3997 3998 4006 4009 4010 4013 402 404 405 406 41 411 412 415
                  418 421 425 428 429 430 432 434 435 437 44 442 445 451 453 454 462 463 465 466
                  468 469 473 476 479 48 481 485 505 508 51 510 514 515 516 519 52 520 521 526
                  530 538 542 544 547 55 550 552 554 559 56 561 566 569 57 570 571 576 577 582
                  585 587 589 591 593 600 602 606 613 614 615 617 62 620 621 622 623 626 63 632
                  634 64 640 643 644 646 647 648 653 655 656 658 66 662 666 669 67 670 672 679
                  680 686 692 7 705 708 718 724 728 731 735 739 745 751 754 756 762 763 766 767
                  771 776 777 778 780 782 784 790 791 798 80 800 804 805 806 808 81 810 815 817
                  822 824 829 83 830 833 836 841 842 849 85 850 852 857 859 862 865 868 87 871
                  872 873 874 875 876 877 879 880 881 882 893 9 900 903 916 917 92 920 923 924
                  925 926 929 93 930 931 949 954 959 964 965 967 974 975 977 979 981 987 989 99
                  990 991 993 996 999

   2 WARNING(S) FOUND IN THE INPUT INSTRUCTIONS




SUMMARY OF ANALYSIS

Number of groups                                                 1
Number of observations                                       11284

Number of dependent variables                                    1
Number of independent variables                                 30
Number of continuous latent variables                            0

Observed dependent variables

  Binary and ordered categorical (ordinal)
   CHOICE

Observed independent variables
   LOGCOMP     RURAL       URBAN       WASH        CHIC        SEAT
   MALE        AGE         BLACK       HISP        ORACE       COLDEG
   ADVDEG      FULLTIME    UNEMPLOY    STUDENT     HHINC       HHCHILD
   HHWKADUL    NOCAR       ONECAR      TYP_CAR     TYP_RH      TYP_PT
   TYP_NMT     CANTCAR     EMP_PARK    EMP_POOL    EMP_PT      EMP_BIKE

Variables with special functions

  Cluster variable      RID
  Weight variable (unscaled)
    WT1
  Between weight variable (sample-size scaling)
    WEIGHT
  ID variable           ROWNUM

  Within variables
   LOGCOMP

  Between variables
   RURAL       URBAN       WASH        CHIC        SEAT        MALE
   AGE         BLACK       HISP        ORACE       COLDEG      ADVDEG
   FULLTIME    UNEMPLOY    STUDENT     HHINC       HHCHILD     HHWKADUL
   NOCAR       ONECAR      TYP_CAR     TYP_RH      TYP_PT      TYP_NMT
   CANTCAR     EMP_PARK    EMP_POOL    EMP_PT      EMP_BIKE


Estimator                                                      MLR
Information matrix                                        OBSERVED
Optimization Specifications for the Quasi-Newton Algorithm for
Continuous Outcomes
  Maximum number of iterations                                 100
  Convergence criterion                                  0.100D-05
Optimization Specifications for the EM Algorithm
  Maximum number of iterations                                 500
  Convergence criteria
    Loglikelihood change                                 0.100D-02
    Relative loglikelihood change                        0.100D-05
    Derivative                                           0.100D-02
Optimization Specifications for the M step of the EM Algorithm for
Categorical Latent variables
  Number of M step iterations                                    1
  M step convergence criterion                           0.100D-02
  Basis for M step termination                           ITERATION
Optimization Specifications for the M step of the EM Algorithm for
Censored, Binary or Ordered Categorical (Ordinal), Unordered
Categorical (Nominal) and Count Outcomes
  Number of M step iterations                                    1
  M step convergence criterion                           0.100D-02
  Basis for M step termination                           ITERATION
  Maximum value for logit thresholds                            15
  Minimum value for logit thresholds                           -15
  Minimum expected cell size for chi-square              0.100D-01
Optimization algorithm                                         EMA
Integration Specifications
  Type                                                    STANDARD
  Number of integration points                                  15
  Dimensions of numerical integration                            1
  Adaptive quadrature                                           ON
Link                                                         LOGIT
Cholesky                                                        ON

Input data file(s)
  SBDC1_long_wt.csv
Input data format  FREE


SUMMARY OF DATA

     Number of clusters                       2821



UNIVARIATE PROPORTIONS AND COUNTS FOR CATEGORICAL VARIABLES

    CHOICE
      Category 1    0.335         3775.000
      Category 2    0.665         7509.000



UNIVARIATE SAMPLE STATISTICS


     UNIVARIATE HIGHER-ORDER MOMENT DESCRIPTIVE STATISTICS

         Variable/         Mean/     Skewness/   Minimum/ % with                Percentiles
        Sample Size      Variance    Kurtosis    Maximum  Min/Max      20%/60%    40%/80%    Median

     LOGCOMP               6.751      -0.268       3.219    8.51%       4.605      6.215      6.908
           11284.000       4.108      -1.194       9.433    8.45%       7.824      8.923
     RURAL                -2.396     -63.771   -9999.000    0.04%       0.000      0.000      0.000
            2821.000   24560.491    4064.806       1.000    6.56%       0.000      0.000
     URBAN                -1.820     -63.771   -9999.000    0.04%       0.000      1.000      1.000
            2821.000   24563.492    4064.748       1.000   64.41%       1.000      1.000
     WASH                  0.248       1.169       0.000   73.02%       0.000      0.000      0.000
            2821.000       0.186      -0.633       1.000   26.98%       0.000      1.000
     CHIC                  0.256       1.121       0.000   75.40%       0.000      0.000      0.000
            2821.000       0.190      -0.744       1.000   24.60%       0.000      1.000
     SEAT                  0.242       1.202       0.000   75.58%       0.000      0.000      0.000
            2821.000       0.184      -0.555       1.000   24.42%       0.000      1.000
     MALE                  0.536      -0.145       0.000   57.32%       0.000      0.000      0.000
            2821.000       0.249      -1.979       1.000   42.68%       1.000      1.000
     AGE                  44.598       0.182      18.000    2.59%      27.000     37.000     40.000
            2821.000     267.709      -0.970      90.000    0.04%      44.000     57.000
     BLACK                 0.110       2.489       0.000   88.30%       0.000      0.000      0.000
            2821.000       0.098       4.196       1.000   11.70%       0.000      0.000
     HISP                  0.077       3.183       0.000   90.00%       0.000      0.000      0.000
            2821.000       0.071       8.132       1.000   10.00%       0.000      0.000
     ORACE                 0.148       1.979       0.000   84.23%       0.000      0.000      0.000
            2821.000       0.126       1.916       1.000   15.77%       0.000      0.000
     COLDEG                0.311       0.816       0.000   65.26%       0.000      0.000      0.000
            2821.000       0.214      -1.334       1.000   34.74%       0.000      1.000
     ADVDEG                0.377       0.507       0.000   72.00%       0.000      0.000      0.000
            2821.000       0.235      -1.743       1.000   28.00%       0.000      1.000
     FULLTIME              0.543      -0.174       0.000   47.25%       0.000      0.000      1.000
            2821.000       0.248      -1.970       1.000   52.75%       1.000      1.000
     UNEMPLOY              0.096       2.745       0.000   88.34%       0.000      0.000      0.000
            2821.000       0.087       5.534       1.000   11.66%       0.000      0.000
     STUDENT               0.055       3.895       0.000   93.12%       0.000      0.000      0.000
            2821.000       0.052      13.169       1.000    6.88%       0.000      0.000
     HHINC               123.847       0.006       5.000    4.04%      42.500     87.500     87.500
            2821.000    5218.018      -1.332     225.000   13.22%     125.000    175.000
     HHCHILD               0.507       1.923       0.000   58.42%       0.000      0.000      0.000
            2821.000       0.811       3.678       5.000    0.53%       1.000      2.000
     HHWKADULT             1.587       0.521       0.000   11.20%       1.000      2.000      2.000
            2821.000       1.043       0.573       5.000    1.10%       2.000      2.000
     NOCAR                 0.047       4.277       0.000   93.55%       0.000      0.000      0.000
            2821.000       0.045      16.292       1.000    6.45%       0.000      0.000
     ONECAR                0.209       1.430       0.000   70.37%       0.000      0.000      0.000
            2821.000       0.165       0.045       1.000   29.63%       0.000      1.000
     TYP_CAR              14.871      12.265       0.000    7.66%       3.000      7.000     10.000
            2821.000     646.237     216.363     500.000    0.07%      12.000     20.000
     TYP_RH                2.110       9.121       0.000   58.28%       0.000      0.000      0.000
            2821.000      43.260     115.579     120.000    0.04%       1.000      3.000
     TYP_PT                1.877      13.001       0.000   73.48%       0.000      0.000      0.000
            2821.000      47.761     292.380     200.000    0.04%       0.000      2.000
     TYP_NMT               4.513       7.611       0.000   50.34%       0.000      0.000      0.000
            2821.000     108.644      99.921     214.000    0.04%       2.000      7.000
     CANTCAR               0.164       1.815       0.000   81.99%       0.000      0.000      0.000
            2821.000       0.137       1.296       1.000   18.01%       0.000      0.000
     EMP_PARK              0.331       0.718       0.000   66.68%       0.000      0.000      0.000
            2821.000       0.221      -1.484       1.000   33.32%       0.000      1.000
     EMP_POOL              0.086       2.948       0.000   91.03%       0.000      0.000      0.000
            2821.000       0.079       6.690       1.000    8.97%       0.000      0.000
     EMP_PT                0.156       1.898       0.000   84.40%       0.000      0.000      0.000
            2821.000       0.132       1.603       1.000   15.60%       0.000      0.000
     EMP_BIKE              0.097       2.719       0.000   91.63%       0.000      0.000      0.000
            2821.000       0.088       5.395       1.000    8.37%       0.000      0.000


     WARNING:  THE SAMPLE COVARIANCE OF THE INDEPENDENT VARIABLES IS SINGULAR.


THE MODEL ESTIMATION TERMINATED NORMALLY



MODEL FIT INFORMATION

Number of Free Parameters                       32

Loglikelihood

          H0 Value                       -5178.797
          H0 Scaling Correction Factor      2.0697
            for MLR

Information Criteria

          Akaike (AIC)                   10421.593
          Bayesian (BIC)                 10656.190
          Sample-Size Adjusted BIC       10554.498
            (n* = (n + 2) / 24)



MODEL RESULTS

                                                    Two-Tailed
                    Estimate       S.E.  Est./S.E.    P-Value

Within Level

 CHOICE     ON
    LOGCOMP            0.849      0.049     17.506      0.000

Between Level

 CHOICE     ON
    RURAL              0.300      0.140      2.143      0.032
    URBAN             -0.300      0.140     -2.142      0.032
    WASH               0.296      0.235      1.260      0.208
    CHIC               0.581      0.233      2.496      0.013
    SEAT               0.303      0.232      1.306      0.192
    MALE              -0.187      0.166     -1.129      0.259
    AGE                0.021      0.007      3.076      0.002
    BLACK             -0.569      0.260     -2.188      0.029
    HISP              -0.185      0.269     -0.688      0.491
    ORACE             -0.461      0.241     -1.911      0.056
    COLDEG            -0.340      0.211     -1.611      0.107
    ADVDEG            -0.168      0.237     -0.711      0.477
    FULLTIME           0.032      0.205      0.158      0.875
    UNEMPLOY           0.109      0.316      0.345      0.730
    STUDENT           -0.247      0.367     -0.674      0.500
    HHINC             -0.004      0.001     -2.728      0.006
    HHCHILD           -0.144      0.086     -1.667      0.095
    HHWKADULT          0.060      0.103      0.589      0.556
    NOCAR             -1.031      0.336     -3.068      0.002
    ONECAR            -0.174      0.211     -0.825      0.410
    TYP_CAR            0.009      0.003      2.683      0.007
    TYP_RH            -0.036      0.026     -1.382      0.167
    TYP_PT             0.025      0.015      1.718      0.086
    TYP_NMT           -0.004      0.007     -0.535      0.592
    CANTCAR           -0.182      0.212     -0.858      0.391
    EMP_PARK          -0.073      0.175     -0.415      0.678
    EMP_POOL           0.054      0.287      0.189      0.850
    EMP_PT            -0.243      0.239     -1.017      0.309
    EMP_BIKE           0.172      0.316      0.544      0.586

 Thresholds
    CHOICE$1           4.428      0.591      7.493      0.000

 Residual Variances
    CHOICE             5.741      0.639      8.984      0.000


LOGISTIC REGRESSION ODDS RATIO RESULTS

                                         (Est. - 1) Two-Tailed
                    Estimate       S.E.     / S.E.    P-Value

Within Level

 CHOICE     ON
    LOGCOMP            2.338      0.113     11.796      0.000


QUALITY OF NUMERICAL RESULTS

     Condition Number for the Information Matrix              0.325E-06
       (ratio of smallest to largest eigenvalue)


SAMPLE STATISTICS FOR ESTIMATED FACTOR SCORES


     SAMPLE STATISTICS


           Means
              B_CHOICE      B_CHOICE
              ________      ________
                0.191         1.399


           Covariances
              B_CHOICE      B_CHOICE
              ________      ________
 B_CHOICE       4.455
 B_CHOICE       0.315         0.053


           Correlations
              B_CHOICE      B_CHOICE
              ________      ________
 B_CHOICE       1.000
 B_CHOICE       0.645         1.000


SAVEDATA INFORMATION


  Save file
    SBDC1_full_wt_out.txt

  Order and format of variables

    CHOICE         F10.3
    LOGCOMP        F10.3
    RURAL          F10.3
    URBAN          F10.3
    WASH           F10.3
    CHIC           F10.3
    SEAT           F10.3
    MALE           F10.3
    AGE            F10.3
    BLACK          F10.3
    HISP           F10.3
    ORACE          F10.3
    COLDEG         F10.3
    ADVDEG         F10.3
    FULLTIME       F10.3
    UNEMPLOY       F10.3
    STUDENT        F10.3
    HHINC          F10.3
    HHCHILD        F10.3
    HHWKADUL       F10.3
    NOCAR          F10.3
    ONECAR         F10.3
    TYP_CAR        F10.3
    TYP_RH         F10.3
    TYP_PT         F10.3
    TYP_NMT        F10.3
    CANTCAR        F10.3
    EMP_PARK       F10.3
    EMP_POOL       F10.3
    EMP_PT         F10.3
    EMP_BIKE       F10.3
    B_CHOICE       F10.3
    B_CHOICE_SE    F10.3
    WT1            F10.3
    WEIGHT         F10.3
    ROWNUM         I6
    RID            I5

  Save file format
    35F10.3 I6 I5

  Save file record length    10000


DIAGRAM INFORMATION

  Mplus diagrams are currently not available for multilevel analysis.
  No diagram output was produced.


     Beginning Time:  16:27:26
        Ending Time:  16:27:44
       Elapsed Time:  00:00:18



MUTHEN & MUTHEN
3463 Stoner Ave.
Los Angeles, CA  90066

Tel: (310) 391-9971
Fax: (310) 391-8971
Web: www.StatModel.com
Support: Support@StatModel.com

Copyright (c) 1998-2018 Muthen & Muthen
