Mplus VERSION 8.1
MUTHEN & MUTHEN
03/06/2021   4:27 PM

INPUT INSTRUCTIONS

  !SBDC3
  !base model: random intercept and *fixed* coefficient for Log_Compensation
  !weighted (scaled)

  DATA: FILE = SBDC3_long_wt.csv;

  VARIABLE:
      NAMES = rownum RID Choice LogComp wt1 wt2 weight wt_scale
              rural urban wash chic seat
              male age white black hisp orace coldeg advdeg
              fulltime unemploy student
              inc_high inc_low hhinc hhchild hhwkadult hhpers
              nocar onecar twocar threecar multicar license car_live
              typ_NMT typ_PT typ_car typ_RH
              cantbike cantcar cantPT cantRH
              emp_park emp_PT emp_bike emp_pool;

      IDVARIABLE = rownum;

      CLUSTER = RID;

      CATEGORICAL = Choice;

      WITHIN = LogComp;

      USEVARIABLES = Choice LogComp;

      WEIGHT = wt1;
      BWEIGHT = weight;
      wtscale = unscaled;
      bwtscale = sample;
      !The SAMPLE option adjusts the between weights so that the product of
      !the between and the within weights sums to the total sample size.

  ANALYSIS: TYPE = TWOLEVEL;

  MODEL:
      %WITHIN%
      Choice ON LogComp;

      %BETWEEN%
      Choice; !random intercept

  SAVEDATA:
      FILE IS SBDC3_base_wt_out.txt;
      SAVE = FSCORES;



*** WARNING
  One or more individual-level variables have no variation within a
  cluster for the following clusters.

     Variable   Cluster IDs with no within-cluster variation

      CHOICE      1 1003 1009 1010 1016 1020 1023 1029 1030 1031 1037 1039 1041 1043 1045 1047
                  1049 1052 1053 1055 1056 1058 106 1061 1062 1064 1065 1066 1067 1070 1071 1075
                  1080 1082 1084 1085 1088 1089 1093 1095 1097 1098 1099 11 1103 1105 1106 1107
                  1108 1115 1121 1122 1123 1125 1126 1128 1132 1134 1135 1137 1148 1152 1156 116
                  1160 1164 117 1171 1173 1174 1176 1177 1179 1180 1186 1187 119 1190 1192 1194
                  1195 1196 1197 1201 1202 1203 1206 1207 1208 121 1214 1216 1218 122 1221 1222
                  1224 1225 1226 1227 1236 1239 124 1241 1242 1243 1246 125 1250 1253 1254 1255
                  1257 1260 1263 1268 1269 127 1272 1274 1276 1278 1280 1284 1285 1286 1287 1288
                  1289 1292 1293 1295 1296 130 1300 1305 1306 1307 1308 1309 131 1310 1311 1313
                  1317 1319 1322 1327 1329 1331 1334 1337 1338 134 1340 1343 1344 1345 1349 1354
                  1359 136 1360 1361 1362 1363 1367 1368 137 1371 1374 1379 138 1380 1382 1384
                  1386 1387 1390 1393 1395 14 140 1401 1402 1406 1409 1415 1423 1425 1428 143
                  1431 1432 1435 1437 1438 144 1440 1446 1449 145 1453 1454 1463 1465 1468 1469
                  1470 1479 1481 1483 1486 1487 1488 149 1494 1495 1499 150 1500 1501 1504 151
                  1510 1511 1512 1516 1517 1518 1519 152 1520 1524 1525 1528 153 1530 1534 154
                  1540 1544 1549 1550 1556 1558 156 1562 1565 1566 1574 1578 158 1582 1584 1588
                  1592 1594 1596 1597 1598 160 1600 1604 1609 161 1611 1613 1614 1615 1616 1617
                  1621 1622 1623 1624 1626 1627 1633 1637 1640 1642 1643 1645 1648 165 1653 1654
                  1656 1657 1662 1668 1669 1671 1673 1674 1676 1677 1678 1680 1682 1684 1687 1688
                  1689 1690 1694 1695 1696 1701 1705 1707 1709 1710 1711 1712 1713 1723 1731 1732
                  1734 1737 1740 1749 1753 176 1760 1761 1763 1767 1778 178 1780 1783 1784 1786
                  1787 179 1792 1793 1795 1796 180 1800 1804 1811 1812 1813 1815 1818 182 1820
                  1821 1823 1825 1827 1833 1838 1840 1842 1843 1846 1854 1856 1859 1860 1861 1865
                  1866 1867 1870 1871 1876 1877 1881 1882 1884 1885 1886 1889 1893 1895 1896 19
                  1903 1906 1907 1908 1911 1912 1919 1921 1928 1929 193 1930 1932 1933 1937 1938
                  194 1942 1946 195 1951 1954 1959 196 1965 1968 1969 1971 1978 1980 1981 1985
                  1987 1989 1990 1992 1994 1998 1999 200 2001 2002 2004 2007 2008 2011 2013 2014
                  2015 2018 202 2025 2026 2028 203 2031 2033 2035 2037 2044 205 2050 2051 2054
                  2057 2060 2061 2062 207 2070 2077 208 2081 2084 2085 2087 2088 2091 2092 2096
                  2097 2098 2099 21 210 2104 2106 2107 211 2110 2112 2113 2114 2116 2119 212 2121
                  2122 2130 2131 2135 2137 2146 2149 2153 2154 2159 2163 2166 2168 217 2171 2182
                  2185 2186 219 2190 2203 2206 2213 2220 2224 2226 2228 2229 2234 2235 2236 224
                  2240 2248 225 2251 2255 2259 226 2261 2264 2266 227 2270 2277 2278 2279 2281
                  2282 2283 2285 2286 2287 2289 2290 2292 2294 2298 2299 2308 2309 2318 2320 2321
                  2324 2325 2327 233 2331 2336 2337 2343 2357 236 2363 2366 2368 237 2376 2379
                  2380 2381 2399 24 2404 2407 2411 2412 2413 242 2420 2421 2423 2424 2425 2428
                  243 2431 2433 2437 2438 2439 2441 2443 2445 2446 2451 2464 2472 2477 2478 2480
                  2482 2489 249 2491 2493 2500 2501 2504 2505 2507 2508 251 2513 2515 2520 2523
                  2524 253 2533 2535 254 2550 2559 2562 2568 257 2578 2579 258 2587 2589 2596
                  2598 2599 2603 2604 2608 2612 2614 2617 2625 2627 2630 2631 2632 2633 2634 2637
                  2639 2641 2643 2646 2647 2650 2652 2654 2655 2658 266 2661 2662 2666 2671 2672
                  2675 2676 2678 268 2683 2685 2686 2690 2693 2694 2695 2698 2699 2701 2703 271
                  2710 2712 2713 2716 2727 2729 273 2732 2734 2735 2736 2737 274 2740 2745 2747
                  2748 2753 2754 2759 2761 2762 2769 2771 2772 2773 2774 2775 2777 278 2783 2784
                  2788 2790 2794 2795 28 280 2801 2802 2803 2807 2808 2811 2813 2814 2815 2816
                  2817 282 2821 2824 2825 2826 2828 2829 283 2831 2834 2839 284 2842 2845 2846
                  2847 2848 2853 2854 2859 2864 2866 2868 287 2873 2876 288 2885 2887 289 2893
                  29 2901 2902 2907 2911 2912 2919 2921 2923 2928 2929 2930 2931 2933 2938 2939
                  2942 2943 2944 2945 2946 2948 2953 2957 2959 296 2961 2963 2964 2965 2967 2969
                  2970 2973 2977 2979 2981 2984 2986 2987 2989 2994 2995 2998 2999 300 3006 301
                  3011 3024 3027 3031 3034 3037 3046 3048 3050 3054 3055 3057 3059 306 3060 3067
                  3077 3079 308 3083 3084 3087 3089 309 3093 3097 31 310 3100 3104 3106 3108 311
                  3110 3112 3114 3116 3117 3120 3121 3122 3123 3124 3125 3126 313 3131 3132 3136
                  314 3141 3143 3147 3152 3154 3155 3156 3158 316 3163 3165 3172 3173 3174 3179
                  3180 3181 3182 3184 3187 3193 3194 3197 3198 3199 3200 3203 3204 3208 321 3213
                  3215 3227 3228 3230 3231 3233 3234 3235 3237 3239 324 3243 3246 3248 3251 3252
                  3256 3257 3258 3259 3265 3269 3270 3271 3272 3273 3274 3277 3278 3280 3282 3285
                  3286 329 3290 3296 3298 33 3315 3316 3317 3320 3324 3327 3328 3330 3331 3332
                  3333 3336 3339 334 3342 3346 3347 3348 3349 3350 3356 3358 336 3361 3362 3365
                  3366 3368 337 3371 3376 3377 3378 3379 3386 3387 3388 339 3390 3391 3397 3399
                  3403 3404 3407 341 3412 3413 3414 3420 3425 3426 3427 3428 343 3435 3436 3440
                  3444 3446 3448 3450 3451 3452 3454 3456 3465 3469 3470 3476 3480 3481 3482 3484
                  3492 3496 3498 3499 35 350 3500 3502 3505 3507 3515 3516 3517 3519 352 3521
                  3525 3526 3528 3534 3536 3538 3540 3541 3542 3543 3544 3548 3550 3555 3558 3560
                  3565 3567 3572 3573 3579 3585 3587 3593 3595 3597 3600 3609 3612 3613 3614 3615
                  362 3622 3623 3629 3630 3631 3632 3633 3635 3638 364 3644 3646 3647 3649 3652
                  3655 3656 3658 3666 367 3672 3673 3674 3675 3676 3682 3685 3686 3687 369 3690
                  3692 3693 3694 3696 3698 3703 3706 3707 3709 3715 3717 3719 372 3722 3727 3728
                  3730 3737 3738 3741 375 3753 3755 3758 3761 3766 3771 3774 3776 3778 378 3780
                  3784 3789 3793 3799 3800 3801 3802 3807 3809 381 3811 3815 3817 382 3823 3828
                  3833 3836 3842 3843 3844 3846 3851 3855 3859 386 3860 3861 3865 3867 3869 387
                  3870 3872 3875 388 3880 3881 3883 3884 3885 3886 3887 389 3892 3893 3894 3896
                  39 3902 3904 3908 3911 3914 3919 392 3926 3931 3938 394 3943 3944 3946 3947
                  3948 3950 3952 3954 3963 3966 3967 3969 397 3970 3980 3981 3985 3986 3990 3991
                  3992 3993 3994 3996 3998 40 4002 4004 4006 4007 4008 4009 401 4011 4014 4016
                  403 405 406 410 412 414 418 421 422 423 427 428 429 431 432 433 434 435 436
                  438 44 442 445 447 449 451 453 454 455 457 458 46 460 461 462 467 468 469 47
                  470 472 476 478 479 48 480 482 485 486 487 49 490 491 495 498 503 505 507 509
                  510 514 515 516 518 519 521 522 526 530 534 536 539 54 540 550 551 553 556 557
                  560 563 565 566 57 571 572 573 575 577 578 58 580 593 594 595 598 599 6 60 600
                  603 608 61 610 611 612 613 616 617 618 619 62 620 622 624 626 628 629 632 634
                  636 640 641 643 644 646 649 655 656 657 662 665 668 669 674 675 678 679 680
                  681 682 687 689 691 697 698 7 700 703 704 706 708 71 711 712 714 719 725 726
                  73 731 734 735 740 742 747 748 750 751 754 758 759 761 764 766 769 771 774 775
                  780 782 784 786 787 789 791 792 8 802 804 806 807 808 809 81 810 811 813 814
                  822 823 829 831 834 836 840 841 843 844 849 85 850 851 853 857 859 860 861 864
                  868 87 871 876 878 880 882 886 893 894 895 896 898 900 903 904 905 907 910 911
                  913 917 919 920 921 923 924 927 928 929 931 932 933 942 948 949 952 958 959
                  96 968 972 973 974 977 979 98 987 990 991 992 993 995 997

   1 WARNING(S) FOUND IN THE INPUT INSTRUCTIONS




SUMMARY OF ANALYSIS

Number of groups                                                 1
Number of observations                                       15148

Number of dependent variables                                    1
Number of independent variables                                  1
Number of continuous latent variables                            0

Observed dependent variables

  Binary and ordered categorical (ordinal)
   CHOICE

Observed independent variables
   LOGCOMP

Variables with special functions

  Cluster variable      RID
  Weight variable (unscaled)
    WT1
  Between weight variable (sample-size scaling)
    WEIGHT
  ID variable           ROWNUM

  Within variables
   LOGCOMP


Estimator                                                      MLR
Information matrix                                        OBSERVED
Optimization Specifications for the Quasi-Newton Algorithm for
Continuous Outcomes
  Maximum number of iterations                                 100
  Convergence criterion                                  0.100D-05
Optimization Specifications for the EM Algorithm
  Maximum number of iterations                                 500
  Convergence criteria
    Loglikelihood change                                 0.100D-02
    Relative loglikelihood change                        0.100D-05
    Derivative                                           0.100D-02
Optimization Specifications for the M step of the EM Algorithm for
Categorical Latent variables
  Number of M step iterations                                    1
  M step convergence criterion                           0.100D-02
  Basis for M step termination                           ITERATION
Optimization Specifications for the M step of the EM Algorithm for
Censored, Binary or Ordered Categorical (Ordinal), Unordered
Categorical (Nominal) and Count Outcomes
  Number of M step iterations                                    1
  M step convergence criterion                           0.100D-02
  Basis for M step termination                           ITERATION
  Maximum value for logit thresholds                            15
  Minimum value for logit thresholds                           -15
  Minimum expected cell size for chi-square              0.100D-01
Optimization algorithm                                         EMA
Integration Specifications
  Type                                                    STANDARD
  Number of integration points                                  15
  Dimensions of numerical integration                            1
  Adaptive quadrature                                           ON
Link                                                         LOGIT
Cholesky                                                        ON

Input data file(s)
  SBDC3_long_wt.csv
Input data format  FREE


SUMMARY OF DATA

     Number of clusters                       3787



UNIVARIATE PROPORTIONS AND COUNTS FOR CATEGORICAL VARIABLES

    CHOICE
      Category 1    0.490         7427.000
      Category 2    0.510         7721.000



UNIVARIATE SAMPLE STATISTICS


     UNIVARIATE HIGHER-ORDER MOMENT DESCRIPTIVE STATISTICS

         Variable/         Mean/     Skewness/   Minimum/ % with                Percentiles
        Sample Size      Variance    Kurtosis    Maximum  Min/Max      20%/60%    40%/80%    Median

     LOGCOMP               8.825      -0.752       4.605    6.15%       7.601      8.517      9.210
           15148.000       3.113      -0.097      11.225    6.38%       9.616     10.309


THE MODEL ESTIMATION TERMINATED NORMALLY



MODEL FIT INFORMATION

Number of Free Parameters                        3

Loglikelihood

          H0 Value                       -7273.911
          H0 Scaling Correction Factor      3.1600
            for MLR

Information Criteria

          Akaike (AIC)                   14553.822
          Bayesian (BIC)                 14576.699
          Sample-Size Adjusted BIC       14567.166
            (n* = (n + 2) / 24)



MODEL RESULTS

                                                    Two-Tailed
                    Estimate       S.E.  Est./S.E.    P-Value

Within Level

 CHOICE     ON
    LOGCOMP            1.353      0.072     18.911      0.000

Between Level

 Thresholds
    CHOICE$1          12.016      0.649     18.505      0.000

 Variances
    CHOICE             9.498      0.967      9.825      0.000


LOGISTIC REGRESSION ODDS RATIO RESULTS

                                         (Est. - 1) Two-Tailed
                    Estimate       S.E.     / S.E.    P-Value

Within Level

 CHOICE     ON
    LOGCOMP            3.869      0.277     10.365      0.000


QUALITY OF NUMERICAL RESULTS

     Condition Number for the Information Matrix              0.430E-03
       (ratio of smallest to largest eigenvalue)


SAMPLE STATISTICS FOR ESTIMATED FACTOR SCORES


     SAMPLE STATISTICS


           Means
              B_CHOICE      B_CHOICE
              ________      ________
                0.090         1.551


           Covariances
              B_CHOICE      B_CHOICE
              ________      ________
 B_CHOICE       7.146
 B_CHOICE       0.099         0.073


           Correlations
              B_CHOICE      B_CHOICE
              ________      ________
 B_CHOICE       1.000
 B_CHOICE       0.137         1.000


SAVEDATA INFORMATION


  Save file
    SBDC3_base_wt_out.txt

  Order and format of variables

    CHOICE         F10.3
    LOGCOMP        F10.3
    B_CHOICE       F10.3
    B_CHOICE_SE    F10.3
    WT1            F10.3
    WEIGHT         F10.3
    ROWNUM         I6
    RID            I5

  Save file format
    6F10.3 I6 I5

  Save file record length    10000


DIAGRAM INFORMATION

  Mplus diagrams are currently not available for multilevel analysis.
  No diagram output was produced.


     Beginning Time:  16:27:30
        Ending Time:  16:27:36
       Elapsed Time:  00:00:06



MUTHEN & MUTHEN
3463 Stoner Ave.
Los Angeles, CA  90066

Tel: (310) 391-9971
Fax: (310) 391-8971
Web: www.StatModel.com
Support: Support@StatModel.com

Copyright (c) 1998-2018 Muthen & Muthen
